<?xml version="1.0" encoding="UTF-8"?>
<robot generator="Robot 5.0.1 (Python 3.10.5 on win32)" generated="20220620 22:48:13.216" rpa="false" schemaversion="3">
<suite id="s1" name="Login" source="F:\Dojobox\Demo\DemoLogin\login.robot">
<test id="s1-t1" name="I am Login Menu with Valid Email and Valid Password" line="13">
<kw name="Open Browser" library="SeleniumLibrary" type="SETUP">
<arg>${base_url}</arg>
<arg>${browser_type}</arg>
<doc>Opens a new browser instance to the optional ``url``.</doc>
<msg timestamp="20220620 22:48:13.600" level="INFO">Opening browser 'Chrome' to base url 'https://pub-eish-dev.keponet.com/frontend/login'.</msg>
<status status="PASS" starttime="20220620 22:48:13.600" endtime="20220620 22:48:15.852"/>
</kw>
<kw name="Maximize Browser Window" library="SeleniumLibrary">
<doc>Maximizes current browser window.</doc>
<status status="PASS" starttime="20220620 22:48:15.852" endtime="20220620 22:48:15.985"/>
</kw>
<kw name="Input Text" library="SeleniumLibrary">
<arg>//input[@id="email"]</arg>
<arg>jenareishsatu@yopmail.com</arg>
<doc>Types the given ``text`` into the text field identified by ``locator``.</doc>
<msg timestamp="20220620 22:48:15.985" level="INFO">Typing text 'jenareishsatu@yopmail.com' into text field '//input[@id="email"]'.</msg>
<status status="PASS" starttime="20220620 22:48:15.985" endtime="20220620 22:48:16.214"/>
</kw>
<kw name="Input Text" library="SeleniumLibrary">
<arg>//input[@id="password"]</arg>
<arg>12345678</arg>
<doc>Types the given ``text`` into the text field identified by ``locator``.</doc>
<msg timestamp="20220620 22:48:16.214" level="INFO">Typing text '12345678' into text field '//input[@id="password"]'.</msg>
<status status="PASS" starttime="20220620 22:48:16.214" endtime="20220620 22:48:16.376"/>
</kw>
<kw name="Click Element" library="SeleniumLibrary">
<arg>//img[@src="https://pub-eish-dev.keponet.com/img/visibility.svg"]</arg>
<doc>Click the element identified by ``locator``.</doc>
<msg timestamp="20220620 22:48:16.377" level="INFO">Clicking element '//img[@src="https://pub-eish-dev.keponet.com/img/visibility.svg"]'.</msg>
<status status="PASS" starttime="20220620 22:48:16.377" endtime="20220620 22:48:16.435"/>
</kw>
<kw name="Click Element" library="SeleniumLibrary">
<arg>//button[@type="submit"]</arg>
<doc>Click the element identified by ``locator``.</doc>
<msg timestamp="20220620 22:48:16.437" level="INFO">Clicking element '//button[@type="submit"]'.</msg>
<status status="PASS" starttime="20220620 22:48:16.436" endtime="20220620 22:48:16.734"/>
</kw>
<kw name="Element Should Be Visible" library="SeleniumLibrary">
<arg>//img[@id="menu-logo"]</arg>
<doc>Verifies that the element identified by ``locator`` is visible.</doc>
<msg timestamp="20220620 22:48:16.817" level="INFO">Element '//img[@id="menu-logo"]' is displayed.</msg>
<status status="PASS" starttime="20220620 22:48:16.734" endtime="20220620 22:48:16.817"/>
</kw>
<kw name="Close Browser" library="SeleniumLibrary" type="TEARDOWN">
<doc>Closes the current browser.</doc>
<status status="PASS" starttime="20220620 22:48:16.818" endtime="20220620 22:48:20.200"/>
</kw>
<status status="PASS" starttime="20220620 22:48:13.598" endtime="20220620 22:48:20.200"/>
</test>
<test id="s1-t2" name="I am Login Menu with Valid Email and Invalid Password" line="22">
<kw name="Open Browser" library="SeleniumLibrary" type="SETUP">
<arg>${base_url}</arg>
<arg>${browser_type}</arg>
<doc>Opens a new browser instance to the optional ``url``.</doc>
<msg timestamp="20220620 22:48:20.205" level="INFO">Opening browser 'Chrome' to base url 'https://pub-eish-dev.keponet.com/frontend/login'.</msg>
<status status="PASS" starttime="20220620 22:48:20.205" endtime="20220620 22:48:22.503"/>
</kw>
<kw name="Maximize Browser Window" library="SeleniumLibrary">
<doc>Maximizes current browser window.</doc>
<status status="PASS" starttime="20220620 22:48:22.504" endtime="20220620 22:48:22.655"/>
</kw>
<kw name="Input Text" library="SeleniumLibrary">
<arg>//input[@id="email"]</arg>
<arg>jenareishsatu@yopmail.com</arg>
<doc>Types the given ``text`` into the text field identified by ``locator``.</doc>
<msg timestamp="20220620 22:48:22.655" level="INFO">Typing text 'jenareishsatu@yopmail.com' into text field '//input[@id="email"]'.</msg>
<status status="PASS" starttime="20220620 22:48:22.655" endtime="20220620 22:48:22.870"/>
</kw>
<kw name="Input Text" library="SeleniumLibrary">
<arg>//input[@id="password"]</arg>
<arg>123456asdva</arg>
<doc>Types the given ``text`` into the text field identified by ``locator``.</doc>
<msg timestamp="20220620 22:48:22.876" level="INFO">Typing text '123456asdva' into text field '//input[@id="password"]'.</msg>
<status status="PASS" starttime="20220620 22:48:22.870" endtime="20220620 22:48:23.008"/>
</kw>
<kw name="Click Element" library="SeleniumLibrary">
<arg>//img[@src="https://pub-eish-dev.keponet.com/img/visibility.svg"]</arg>
<doc>Click the element identified by ``locator``.</doc>
<msg timestamp="20220620 22:48:23.010" level="INFO">Clicking element '//img[@src="https://pub-eish-dev.keponet.com/img/visibility.svg"]'.</msg>
<status status="PASS" starttime="20220620 22:48:23.009" endtime="20220620 22:48:23.073"/>
</kw>
<kw name="Click Element" library="SeleniumLibrary">
<arg>//button[@type="submit"]</arg>
<doc>Click the element identified by ``locator``.</doc>
<msg timestamp="20220620 22:48:23.075" level="INFO">Clicking element '//button[@type="submit"]'.</msg>
<status status="PASS" starttime="20220620 22:48:23.073" endtime="20220620 22:48:23.331"/>
</kw>
<kw name="Element Text Should Be" library="SeleniumLibrary">
<arg>//div[@class="alert alert-danger text-danger"]</arg>
<arg>Email yang dimasukkan atau password salah, silahkan cek input anda.</arg>
<doc>Verifies that element ``locator`` contains exact the text ``expected``.</doc>
<msg timestamp="20220620 22:48:23.332" level="INFO">Verifying element '//div[@class="alert alert-danger text-danger"]' contains exact text 'Email yang dimasukkan atau password salah, silahkan cek input anda.'.</msg>
<status status="PASS" starttime="20220620 22:48:23.332" endtime="20220620 22:48:23.365"/>
</kw>
<kw name="Close Browser" library="SeleniumLibrary" type="TEARDOWN">
<doc>Closes the current browser.</doc>
<status status="PASS" starttime="20220620 22:48:23.366" endtime="20220620 22:48:25.642"/>
</kw>
<status status="PASS" starttime="20220620 22:48:20.203" endtime="20220620 22:48:25.642"/>
</test>
<test id="s1-t3" name="I am Login Menu with Invalid Email and Valid Password" line="32">
<kw name="Open Browser" library="SeleniumLibrary" type="SETUP">
<arg>${base_url}</arg>
<arg>${browser_type}</arg>
<doc>Opens a new browser instance to the optional ``url``.</doc>
<msg timestamp="20220620 22:48:25.647" level="INFO">Opening browser 'Chrome' to base url 'https://pub-eish-dev.keponet.com/frontend/login'.</msg>
<status status="PASS" starttime="20220620 22:48:25.646" endtime="20220620 22:48:27.914"/>
</kw>
<kw name="Maximize Browser Window" library="SeleniumLibrary">
<doc>Maximizes current browser window.</doc>
<status status="PASS" starttime="20220620 22:48:27.914" endtime="20220620 22:48:28.109"/>
</kw>
<kw name="Input Text" library="SeleniumLibrary">
<arg>//input[@id="email"]</arg>
<arg>jenaru@yopmail.com</arg>
<doc>Types the given ``text`` into the text field identified by ``locator``.</doc>
<msg timestamp="20220620 22:48:28.111" level="INFO">Typing text 'jenaru@yopmail.com' into text field '//input[@id="email"]'.</msg>
<status status="PASS" starttime="20220620 22:48:28.110" endtime="20220620 22:48:28.289"/>
</kw>
<kw name="Input Text" library="SeleniumLibrary">
<arg>//input[@id="password"]</arg>
<arg>12345678</arg>
<doc>Types the given ``text`` into the text field identified by ``locator``.</doc>
<msg timestamp="20220620 22:48:28.305" level="INFO">Typing text '12345678' into text field '//input[@id="password"]'.</msg>
<status status="PASS" starttime="20220620 22:48:28.305" endtime="20220620 22:48:28.431"/>
</kw>
<kw name="Click Element" library="SeleniumLibrary">
<arg>//img[@src="https://pub-eish-dev.keponet.com/img/visibility.svg"]</arg>
<doc>Click the element identified by ``locator``.</doc>
<msg timestamp="20220620 22:48:28.433" level="INFO">Clicking element '//img[@src="https://pub-eish-dev.keponet.com/img/visibility.svg"]'.</msg>
<status status="PASS" starttime="20220620 22:48:28.432" endtime="20220620 22:48:28.496"/>
</kw>
<kw name="Click Element" library="SeleniumLibrary">
<arg>//button[@type="submit"]</arg>
<doc>Click the element identified by ``locator``.</doc>
<msg timestamp="20220620 22:48:28.497" level="INFO">Clicking element '//button[@type="submit"]'.</msg>
<status status="PASS" starttime="20220620 22:48:28.497" endtime="20220620 22:48:28.690"/>
</kw>
<kw name="Element Should Be Visible" library="SeleniumLibrary">
<arg>//input[@id="email"]</arg>
<doc>Verifies that the element identified by ``locator`` is visible.</doc>
<msg timestamp="20220620 22:48:28.718" level="INFO">Element '//input[@id="email"]' is displayed.</msg>
<status status="PASS" starttime="20220620 22:48:28.691" endtime="20220620 22:48:28.718"/>
</kw>
<kw name="Close Browser" library="SeleniumLibrary" type="TEARDOWN">
<doc>Closes the current browser.</doc>
<status status="PASS" starttime="20220620 22:48:28.718" endtime="20220620 22:48:30.978"/>
</kw>
<status status="PASS" starttime="20220620 22:48:25.645" endtime="20220620 22:48:30.979"/>
</test>
<test id="s1-t4" name="I am Login Menu with Unvalid Email and Unvalid Password" line="41">
<kw name="Open Browser" library="SeleniumLibrary" type="SETUP">
<arg>${base_url}</arg>
<arg>${browser_type}</arg>
<doc>Opens a new browser instance to the optional ``url``.</doc>
<msg timestamp="20220620 22:48:30.982" level="INFO">Opening browser 'Chrome' to base url 'https://pub-eish-dev.keponet.com/frontend/login'.</msg>
<status status="PASS" starttime="20220620 22:48:30.982" endtime="20220620 22:48:33.273"/>
</kw>
<kw name="Maximize Browser Window" library="SeleniumLibrary">
<doc>Maximizes current browser window.</doc>
<status status="PASS" starttime="20220620 22:48:33.275" endtime="20220620 22:48:33.430"/>
</kw>
<kw name="Input Text" library="SeleniumLibrary">
<arg>//input[@id="email"]</arg>
<arg>jenaru@yopmail.com</arg>
<doc>Types the given ``text`` into the text field identified by ``locator``.</doc>
<msg timestamp="20220620 22:48:33.430" level="INFO">Typing text 'jenaru@yopmail.com' into text field '//input[@id="email"]'.</msg>
<status status="PASS" starttime="20220620 22:48:33.430" endtime="20220620 22:48:33.629"/>
</kw>
<kw name="Input Text" library="SeleniumLibrary">
<arg>//input[@id="password"]</arg>
<arg>123456</arg>
<doc>Types the given ``text`` into the text field identified by ``locator``.</doc>
<msg timestamp="20220620 22:48:33.629" level="INFO">Typing text '123456' into text field '//input[@id="password"]'.</msg>
<status status="PASS" starttime="20220620 22:48:33.629" endtime="20220620 22:48:33.759"/>
</kw>
<kw name="Click Element" library="SeleniumLibrary">
<arg>//img[@src="https://pub-eish-dev.keponet.com/img/visibility.svg"]</arg>
<doc>Click the element identified by ``locator``.</doc>
<msg timestamp="20220620 22:48:33.761" level="INFO">Clicking element '//img[@src="https://pub-eish-dev.keponet.com/img/visibility.svg"]'.</msg>
<status status="PASS" starttime="20220620 22:48:33.760" endtime="20220620 22:48:33.827"/>
</kw>
<kw name="Click Element" library="SeleniumLibrary">
<arg>//button[@type="submit"]</arg>
<doc>Click the element identified by ``locator``.</doc>
<msg timestamp="20220620 22:48:33.828" level="INFO">Clicking element '//button[@type="submit"]'.</msg>
<status status="PASS" starttime="20220620 22:48:33.827" endtime="20220620 22:48:34.029"/>
</kw>
<kw name="Element Should Be Visible" library="SeleniumLibrary">
<arg>//input[@id="email"]</arg>
<doc>Verifies that the element identified by ``locator`` is visible.</doc>
<msg timestamp="20220620 22:48:34.057" level="INFO">Element '//input[@id="email"]' is displayed.</msg>
<status status="PASS" starttime="20220620 22:48:34.030" endtime="20220620 22:48:34.057"/>
</kw>
<kw name="Element Should Be Visible" library="SeleniumLibrary">
<arg>//input[@id="password"]</arg>
<doc>Verifies that the element identified by ``locator`` is visible.</doc>
<msg timestamp="20220620 22:48:34.080" level="INFO">Element '//input[@id="password"]' is displayed.</msg>
<status status="PASS" starttime="20220620 22:48:34.057" endtime="20220620 22:48:34.080"/>
</kw>
<kw name="Close Browser" library="SeleniumLibrary" type="TEARDOWN">
<doc>Closes the current browser.</doc>
<status status="PASS" starttime="20220620 22:48:34.081" endtime="20220620 22:48:36.349"/>
</kw>
<status status="PASS" starttime="20220620 22:48:30.981" endtime="20220620 22:48:36.349"/>
</test>
<test id="s1-t5" name="I am Login Menu with Empty Email and Empty Password" line="51">
<kw name="Open Browser" library="SeleniumLibrary" type="SETUP">
<arg>${base_url}</arg>
<arg>${browser_type}</arg>
<doc>Opens a new browser instance to the optional ``url``.</doc>
<msg timestamp="20220620 22:48:36.354" level="INFO">Opening browser 'Chrome' to base url 'https://pub-eish-dev.keponet.com/frontend/login'.</msg>
<status status="PASS" starttime="20220620 22:48:36.353" endtime="20220620 22:48:38.633"/>
</kw>
<kw name="Maximize Browser Window" library="SeleniumLibrary">
<doc>Maximizes current browser window.</doc>
<status status="PASS" starttime="20220620 22:48:38.633" endtime="20220620 22:48:38.768"/>
</kw>
<kw name="Clear Element Text" library="SeleniumLibrary">
<arg>//input[@id="email"]</arg>
<doc>Clears the value of the text-input-element identified by ``locator``.</doc>
<status status="PASS" starttime="20220620 22:48:38.768" endtime="20220620 22:48:38.847"/>
</kw>
<kw name="Clear Element Text" library="SeleniumLibrary">
<arg>//input[@id="password"]</arg>
<doc>Clears the value of the text-input-element identified by ``locator``.</doc>
<status status="PASS" starttime="20220620 22:48:38.848" endtime="20220620 22:48:38.917"/>
</kw>
<kw name="Click Element" library="SeleniumLibrary">
<arg>//img[@src="https://pub-eish-dev.keponet.com/img/visibility.svg"]</arg>
<doc>Click the element identified by ``locator``.</doc>
<msg timestamp="20220620 22:48:38.917" level="INFO">Clicking element '//img[@src="https://pub-eish-dev.keponet.com/img/visibility.svg"]'.</msg>
<status status="PASS" starttime="20220620 22:48:38.917" endtime="20220620 22:48:38.973"/>
</kw>
<kw name="Click Element" library="SeleniumLibrary">
<arg>//button[@type="submit"]</arg>
<doc>Click the element identified by ``locator``.</doc>
<msg timestamp="20220620 22:48:38.988" level="INFO">Clicking element '//button[@type="submit"]'.</msg>
<status status="PASS" starttime="20220620 22:48:38.973" endtime="20220620 22:48:39.086"/>
</kw>
<kw name="Element Should Be Visible" library="SeleniumLibrary">
<arg>//input[@id="email"]</arg>
<doc>Verifies that the element identified by ``locator`` is visible.</doc>
<msg timestamp="20220620 22:48:39.121" level="INFO">Element '//input[@id="email"]' is displayed.</msg>
<status status="PASS" starttime="20220620 22:48:39.089" endtime="20220620 22:48:39.121"/>
</kw>
<kw name="Close Browser" library="SeleniumLibrary" type="TEARDOWN">
<doc>Closes the current browser.</doc>
<status status="PASS" starttime="20220620 22:48:39.122" endtime="20220620 22:48:41.450"/>
</kw>
<status status="PASS" starttime="20220620 22:48:36.352" endtime="20220620 22:48:41.450"/>
</test>
<test id="s1-t6" name="I am Login with Menu Forget Password for email not registered" line="60">
<kw name="Open Browser" library="SeleniumLibrary" type="SETUP">
<arg>${base_url}</arg>
<arg>${browser_type}</arg>
<doc>Opens a new browser instance to the optional ``url``.</doc>
<msg timestamp="20220620 22:48:41.454" level="INFO">Opening browser 'Chrome' to base url 'https://pub-eish-dev.keponet.com/frontend/login'.</msg>
<status status="PASS" starttime="20220620 22:48:41.453" endtime="20220620 22:48:43.687"/>
</kw>
<kw name="Maximize Browser Window" library="SeleniumLibrary">
<doc>Maximizes current browser window.</doc>
<status status="PASS" starttime="20220620 22:48:43.688" endtime="20220620 22:48:43.822"/>
</kw>
<kw name="Click Element" library="SeleniumLibrary">
<arg>//p[@id="forgot-password-container"]</arg>
<doc>Click the element identified by ``locator``.</doc>
<msg timestamp="20220620 22:48:43.822" level="INFO">Clicking element '//p[@id="forgot-password-container"]'.</msg>
<status status="PASS" starttime="20220620 22:48:43.822" endtime="20220620 22:48:44.029"/>
</kw>
<kw name="Input Text" library="SeleniumLibrary">
<arg>//input[@id="email"]</arg>
<arg>cobaemailnotregister@aaaa.com</arg>
<doc>Types the given ``text`` into the text field identified by ``locator``.</doc>
<msg timestamp="20220620 22:48:44.030" level="INFO">Typing text 'cobaemailnotregister@aaaa.com' into text field '//input[@id="email"]'.</msg>
<status status="PASS" starttime="20220620 22:48:44.029" endtime="20220620 22:48:44.228"/>
</kw>
<kw name="Click Element" library="SeleniumLibrary">
<arg>//button[@type="submit"]</arg>
<doc>Click the element identified by ``locator``.</doc>
<msg timestamp="20220620 22:48:44.229" level="INFO">Clicking element '//button[@type="submit"]'.</msg>
<status status="PASS" starttime="20220620 22:48:44.228" endtime="20220620 22:48:44.399"/>
</kw>
<kw name="Element Text Should Be" library="SeleniumLibrary">
<arg>//span[@class="invalid-feedback"]</arg>
<arg>The selected email is invalid.</arg>
<doc>Verifies that element ``locator`` contains exact the text ``expected``.</doc>
<msg timestamp="20220620 22:48:44.401" level="INFO">Verifying element '//span[@class="invalid-feedback"]' contains exact text 'The selected email is invalid.'.</msg>
<status status="PASS" starttime="20220620 22:48:44.400" endtime="20220620 22:48:44.432"/>
</kw>
<kw name="Close Browser" library="SeleniumLibrary" type="TEARDOWN">
<doc>Closes the current browser.</doc>
<status status="PASS" starttime="20220620 22:48:44.432" endtime="20220620 22:48:46.706"/>
</kw>
<status status="PASS" starttime="20220620 22:48:41.452" endtime="20220620 22:48:46.706"/>
</test>
<test id="s1-t7" name="I am Login with Menu Forget Password for invalid email" line="69">
<kw name="Open Browser" library="SeleniumLibrary" type="SETUP">
<arg>${base_url}</arg>
<arg>${browser_type}</arg>
<doc>Opens a new browser instance to the optional ``url``.</doc>
<msg timestamp="20220620 22:48:46.711" level="INFO">Opening browser 'Chrome' to base url 'https://pub-eish-dev.keponet.com/frontend/login'.</msg>
<status status="PASS" starttime="20220620 22:48:46.710" endtime="20220620 22:48:49.145"/>
</kw>
<kw name="Maximize Browser Window" library="SeleniumLibrary">
<doc>Maximizes current browser window.</doc>
<status status="PASS" starttime="20220620 22:48:49.146" endtime="20220620 22:48:49.274"/>
</kw>
<kw name="Click Element" library="SeleniumLibrary">
<arg>//p[@id="forgot-password-container"]</arg>
<doc>Click the element identified by ``locator``.</doc>
<msg timestamp="20220620 22:48:49.274" level="INFO">Clicking element '//p[@id="forgot-password-container"]'.</msg>
<status status="PASS" starttime="20220620 22:48:49.274" endtime="20220620 22:48:49.522"/>
</kw>
<kw name="Input Text" library="SeleniumLibrary">
<arg>//input[@id="email"]</arg>
<arg>cobainvalid@email</arg>
<doc>Types the given ``text`` into the text field identified by ``locator``.</doc>
<msg timestamp="20220620 22:48:49.524" level="INFO">Typing text 'cobainvalid@email' into text field '//input[@id="email"]'.</msg>
<status status="PASS" starttime="20220620 22:48:49.523" endtime="20220620 22:48:49.672"/>
</kw>
<kw name="Click Element" library="SeleniumLibrary">
<arg>//button[@type="submit"]</arg>
<doc>Click the element identified by ``locator``.</doc>
<msg timestamp="20220620 22:48:49.673" level="INFO">Clicking element '//button[@type="submit"]'.</msg>
<status status="PASS" starttime="20220620 22:48:49.672" endtime="20220620 22:48:49.892"/>
</kw>
<kw name="Element Text Should Be" library="SeleniumLibrary">
<arg>//span[@class="invalid-feedback"]</arg>
<arg>The email must be a valid email address.</arg>
<doc>Verifies that element ``locator`` contains exact the text ``expected``.</doc>
<msg timestamp="20220620 22:48:49.896" level="INFO">Verifying element '//span[@class="invalid-feedback"]' contains exact text 'The email must be a valid email address.'.</msg>
<status status="PASS" starttime="20220620 22:48:49.895" endtime="20220620 22:48:49.926"/>
</kw>
<kw name="Close Browser" library="SeleniumLibrary" type="TEARDOWN">
<doc>Closes the current browser.</doc>
<status status="PASS" starttime="20220620 22:48:49.927" endtime="20220620 22:48:52.177"/>
</kw>
<status status="PASS" starttime="20220620 22:48:46.709" endtime="20220620 22:48:52.177"/>
</test>
<status status="PASS" starttime="20220620 22:48:13.216" endtime="20220620 22:48:52.181"/>
</suite>
<statistics>
<total>
<stat pass="7" fail="0" skip="0">All Tests</stat>
</total>
<tag>
</tag>
<suite>
<stat pass="7" fail="0" skip="0" id="s1" name="Login">Login</stat>
</suite>
</statistics>
<errors>
</errors>
</robot>
